<?xml version="1.0" encoding="UTF-8"?>
<!-- Generated by org.testng.reporters.JUnitReportReporter -->
<testsuite hostname="LAPTOP-BP4C449G" failures="0" tests="1" name="basic.TestFormAlert" time="12.842" errors="0" timestamp="2023-07-02T09:14:15 IST" skipped="0">
  <testcase classname="basic.TestFormAlert" name="TestCase1" time="12.842"/>
  <system-out/>
</testsuite> <!-- basic.TestFormAlert -->
