<?xml version="1.0" encoding="UTF-8"?>
<!-- Generated by org.testng.reporters.JUnitReportReporter -->
<testsuite hostname="LAPTOP-BP4C449G" failures="0" tests="1" name="Assignment.MyIFrameTextbox" time="9.937" errors="0" timestamp="2023-06-29T22:10:32 IST" skipped="0">
  <testcase classname="Assignment.MyIFrameTextbox" name="testcase1" time="9.937"/>
  <system-out/>
</testsuite> <!-- Assignment.MyIFrameTextbox -->
