<?xml version="1.0" encoding="UTF-8"?>
<!-- Generated by org.testng.reporters.JUnitReportReporter -->
<testsuite hostname="LAPTOP-BP4C449G" failures="0" tests="1" name="basic.TestSeleniumWithEdge" time="12.129" errors="0" timestamp="2023-07-02T09:14:15 IST" skipped="0">
  <testcase classname="basic.TestSeleniumWithEdge" name="testcase1" time="12.129"/>
  <system-out/>
</testsuite> <!-- basic.TestSeleniumWithEdge -->
