<?xml version="1.0" encoding="UTF-8"?>
<!-- Generated by org.testng.reporters.JUnitReportReporter -->
<testsuite hostname="LAPTOP-BP4C449G" failures="0" tests="1" name="Assignment.ValidateValuesInDropdown" time="17.739" errors="0" timestamp="2023-06-23T19:09:10 IST" skipped="0">
  <testcase classname="Assignment.ValidateValuesInDropdown" name="TestCase1" time="17.739"/>
  <system-out/>
</testsuite> <!-- Assignment.ValidateValuesInDropdown -->
