<?xml version="1.0" encoding="UTF-8"?>
<!-- Generated by org.testng.reporters.JUnitReportReporter -->
<testsuite hostname="LAPTOP-BP4C449G" failures="0" tests="1" name="basic.MyIFrame" time="24.896" errors="0" timestamp="2023-07-02T09:14:15 IST" skipped="0">
  <testcase classname="basic.MyIFrame" name="testcase1" time="24.896"/>
  <system-out/>
</testsuite> <!-- basic.MyIFrame -->
