<?xml version="1.0" encoding="UTF-8"?>
<!-- Generated by org.testng.reporters.JUnitReportReporter -->
<testsuite hostname="LAPTOP-BP4C449G" failures="0" tests="1" name="Assignment.MyRightClick" time="8.791" errors="0" timestamp="2023-06-29T22:15:38 IST" skipped="0">
  <testcase classname="Assignment.MyRightClick" name="RightClick" time="8.791"/>
  <system-out/>
</testsuite> <!-- Assignment.MyRightClick -->
