<?xml version="1.0" encoding="UTF-8"?>
<!-- Generated by org.testng.reporters.JUnitReportReporter -->
<testsuite hostname="LAPTOP-BP4C449G" failures="0" tests="5" name="TestNGB24.ParallelMethod" time="50.046" errors="0" timestamp="2023-07-02T11:56:58 IST" skipped="0">
  <testcase classname="TestNGB24.ParallelMethod" name="myTest2" time="10.011"/>
  <system-out/>
  <testcase classname="TestNGB24.ParallelMethod" name="myTest3" time="10.011"/>
  <system-out/>
  <testcase classname="TestNGB24.ParallelMethod" name="myTest4" time="10.006"/>
  <system-out/>
  <testcase classname="TestNGB24.ParallelMethod" name="myTest1" time="10.011"/>
  <system-out/>
  <testcase classname="TestNGB24.ParallelMethod" name="myTest5" time="10.007"/>
  <system-out/>
</testsuite> <!-- TestNGB24.ParallelMethod -->
