<?xml version="1.0" encoding="UTF-8"?>
<!-- Generated by org.testng.reporters.JUnitReportReporter -->
<testsuite hostname="LAPTOP-BP4C449G" failures="0" tests="1" name="basic.TestMaxValue" time="9.953" errors="0" timestamp="2023-07-02T11:47:54 IST" skipped="0">
  <testcase classname="basic.TestMaxValue" name="TestCase1" time="9.953"/>
  <system-out/>
</testsuite> <!-- basic.TestMaxValue -->
