<?xml version="1.0" encoding="UTF-8"?>
<!-- Generated by org.testng.reporters.JUnitReportReporter -->
<testsuite hostname="LAPTOP-BP4C449G" failures="0" tests="1" name="basic.MyDragAndDrop" time="10.071" errors="0" timestamp="2023-07-02T11:47:54 IST" skipped="0">
  <testcase classname="basic.MyDragAndDrop" name="testcase1" time="10.071"/>
  <system-out/>
</testsuite> <!-- basic.MyDragAndDrop -->
