<?xml version="1.0" encoding="UTF-8"?>
<!-- Generated by org.testng.reporters.JUnitReportReporter -->
<testsuite hostname="LAPTOP-BP4C449G" failures="0" tests="1" name="basic.TestForm" time="15.866" errors="0" timestamp="2023-06-11T13:30:57 IST" skipped="0">
  <testcase classname="basic.TestForm" name="TestCase1" time="15.866"/>
  <system-out/>
</testsuite> <!-- basic.TestForm -->
