<?xml version="1.0" encoding="UTF-8"?>
<!-- Generated by org.testng.reporters.JUnitReportReporter -->
<testsuite hostname="LAPTOP-BP4C449G" failures="0" tests="4" name="TestNGB24.ParallelClassB" time="40.070" errors="0" timestamp="2023-07-02T11:47:54 IST" skipped="0">
  <testcase classname="TestNGB24.ParallelClassB" name="myTest1" time="10.025"/>
  <system-out/>
  <testcase classname="TestNGB24.ParallelClassB" name="myTest4" time="10.025"/>
  <system-out/>
  <testcase classname="TestNGB24.ParallelClassB" name="myTest2" time="10.012"/>
  <system-out/>
  <testcase classname="TestNGB24.ParallelClassB" name="myTest3" time="10.008"/>
  <system-out/>
</testsuite> <!-- TestNGB24.ParallelClassB -->
