<?xml version="1.0" encoding="UTF-8"?>
<!-- Generated by org.testng.reporters.JUnitReportReporter -->
<testsuite hostname="LAPTOP-BP4C449G" failures="0" tests="4" name="TestNGB24.MyGroupA" time="0.032" errors="0" timestamp="2023-07-02T09:52:14 IST" skipped="0">
  <testcase classname="TestNGB24.MyGroupA" name="test4" time="0.003"/>
  <system-out/>
  <testcase classname="TestNGB24.MyGroupA" name="test2" time="0.002"/>
  <system-out/>
  <testcase classname="TestNGB24.MyGroupA" name="test3" time="0.007"/>
  <system-out/>
  <testcase classname="TestNGB24.MyGroupA" name="test1" time="0.020"/>
  <system-out/>
</testsuite> <!-- TestNGB24.MyGroupA -->
