<?xml version="1.0" encoding="UTF-8"?>
<!-- Generated by org.testng.reporters.JUnitReportReporter -->
<testsuite hostname="LAPTOP-BP4C449G" failures="0" tests="1" name="basic.MyFileDownload" time="50.562" errors="0" timestamp="2023-07-02T09:14:15 IST" skipped="0">
  <testcase classname="basic.MyFileDownload" name="myDownload" time="50.562"/>
  <system-out/>
</testsuite> <!-- basic.MyFileDownload -->
