<?xml version="1.0" encoding="UTF-8"?>
<!-- Generated by org.testng.reporters.JUnitReportReporter -->
<testsuite hostname="LAPTOP-BP4C449G" failures="0" tests="2" name="TestNGB24.TestNGCompleteRun" time="0.012" errors="0" timestamp="2023-07-02T12:12:13 IST" skipped="0">
  <testcase classname="TestNGB24.TestNGCompleteRun" name="test2" time="0.003"/>
  <system-out/>
  <testcase classname="TestNGB24.TestNGCompleteRun" name="test1" time="0.009"/>
  <system-out/>
</testsuite> <!-- TestNGB24.TestNGCompleteRun -->
