<?xml version="1.0" encoding="UTF-8"?>
<!-- Generated by org.testng.reporters.JUnitReportReporter -->
<testsuite hostname="LAPTOP-BP4C449G" failures="0" tests="3" name="TestNGB24.TestNGenabledDisabled" time="0.021" errors="0" timestamp="2023-07-02T10:03:08 IST" skipped="1">
  <testcase classname="TestNGB24.TestNGenabledDisabled" name="myTest2" time="0.017"/>
  <system-out/>
  <testcase classname="TestNGB24.TestNGenabledDisabled" name="myTest3" time="0.004"/>
  <system-out/>
  <testcase classname="TestNGB24.TestNGenabledDisabled" name="myTest1">
    <skipped/>
  </testcase> <!-- myTest1 -->
  <system-out/>
</testsuite> <!-- TestNGB24.TestNGenabledDisabled -->
