<?xml version="1.0" encoding="UTF-8"?>
<!-- Generated by org.testng.reporters.JUnitReportReporter -->
<testsuite hostname="LAPTOP-BP4C449G" failures="0" tests="1" name="Assignment.ValidateValuesNotInDropdown" time="9.091" errors="0" timestamp="2023-06-23T15:00:04 IST" skipped="0">
  <testcase classname="Assignment.ValidateValuesNotInDropdown" name="TestCase2" time="9.091"/>
  <system-out/>
</testsuite> <!-- Assignment.ValidateValuesNotInDropdown -->
