<?xml version="1.0" encoding="UTF-8"?>
<!-- Generated by org.testng.reporters.JUnitReportReporter -->
<testsuite hostname="LAPTOP-BP4C449G" failures="0" tests="1" name="Assignment.MultipleScreenshot" time="11.153" errors="0" timestamp="2023-06-30T19:45:14 IST" skipped="0">
  <testcase classname="Assignment.MultipleScreenshot" name="TestCase1" time="11.153"/>
  <system-out/>
</testsuite> <!-- Assignment.MultipleScreenshot -->
