<?xml version="1.0" encoding="UTF-8"?>
<!-- Generated by org.testng.reporters.JUnitReportReporter -->
<testsuite hostname="LAPTOP-BP4C449G" failures="0" tests="1" name="basic.TestSelenium" time="9.370" errors="0" timestamp="2023-06-11T13:11:08 IST" skipped="0">
  <testcase classname="basic.TestSelenium" name="testcase1" time="9.370"/>
  <system-out/>
</testsuite> <!-- basic.TestSelenium -->
